<?xml version="1.0" encoding="UTF-8"?>
<!-- Generated by org.testng.reporters.JUnitReportReporter -->
<testsuite hostname="WIN-4FMBHHT0AJI" name="example.TC01_indoor_map" tests="1" failures="0" timestamp="14 Apr 2016 08:30:18 GMT" time="58.695" errors="0">
  <testcase name="tc001" time="58.695" classname="example.TC01_indoor_map"/>
</testsuite> <!-- example.TC01_indoor_map -->
