<?xml version="1.0" encoding="UTF-8"?>
<!-- Generated by org.testng.reporters.JUnitReportReporter -->
<testsuite hostname="WIN-4FMBHHT0AJI" name="example.TC04_bus_menu" tests="1" failures="0" timestamp="14 Apr 2016 08:30:18 GMT" time="78.703" errors="0">
  <testcase name="tc009" time="78.703" classname="example.TC04_bus_menu"/>
</testsuite> <!-- example.TC04_bus_menu -->
