<?xml version="1.0" encoding="UTF-8"?>
<!-- Generated by org.testng.reporters.JUnitReportReporter -->
<testsuite hostname="WIN-4FMBHHT0AJI" name="example.TC01_indoor_map" tests="1" failures="0" timestamp="1 Apr 2016 09:14:42 GMT" time="56.419" errors="0">
  <testcase name="tc001" time="56.419" classname="example.TC01_indoor_map"/>
</testsuite> <!-- example.TC01_indoor_map -->
