<?xml version="1.0" encoding="UTF-8"?>
<!-- Generated by org.testng.reporters.JUnitReportReporter -->
<testsuite hostname="WIN-4FMBHHT0AJI" name="example.TC04_bus_menu" tests="1" failures="0" timestamp="11 Apr 2016 07:32:58 GMT" time="123.877" errors="0">
  <testcase name="tc009" time="123.877" classname="example.TC04_bus_menu"/>
</testsuite> <!-- example.TC04_bus_menu -->
