<?xml version="1.0" encoding="UTF-8" ?>
<testsuite tests="27" failures="1" name="TestSuite" time="46.457" errors="0" skipped="26">
  <properties>
    <property name="java.runtime.name" value="Java(TM) SE Runtime Environment"/>
    <property name="sun.boot.library.path" value="D:\java\jre1.8.0_73\bin"/>
    <property name="java.vm.version" value="25.73-b02"/>
    <property name="java.vm.vendor" value="Oracle Corporation"/>
    <property name="maven.multiModuleProjectDirectory" value="C:\Users\Administrator\git\MapTest\MAP_PC_RegressionTest"/>
    <property name="java.vendor.url" value="http://java.oracle.com/"/>
    <property name="path.separator" value=";"/>
    <property name="guice.disable.misplaced.annotation.check" value="true"/>
    <property name="java.vm.name" value="Java HotSpot(TM) 64-Bit Server VM"/>
    <property name="file.encoding.pkg" value="sun.io"/>
    <property name="user.script" value=""/>
    <property name="user.country" value="KR"/>
    <property name="sun.java.launcher" value="SUN_STANDARD"/>
    <property name="sun.os.patch.level" value="Service Pack 1"/>
    <property name="java.vm.specification.name" value="Java Virtual Machine Specification"/>
    <property name="user.dir" value="C:\Users\Administrator\git\MapTest\MAP_PC_RegressionTest"/>
    <property name="java.runtime.version" value="1.8.0_73-b02"/>
    <property name="java.awt.graphicsenv" value="sun.awt.Win32GraphicsEnvironment"/>
    <property name="java.endorsed.dirs" value="D:\java\jre1.8.0_73\lib\endorsed"/>
    <property name="os.arch" value="amd64"/>
    <property name="java.io.tmpdir" value="C:\Users\ADMINI~1\AppData\Local\Temp\"/>
    <property name="line.separator" value="
"/>
    <property name="java.vm.specification.vendor" value="Oracle Corporation"/>
    <property name="user.variant" value=""/>
    <property name="os.name" value="Windows 7"/>
    <property name="classworlds.conf" value="C:\Users\Administrator\workspace\.metadata\.plugins\org.eclipse.m2e.launching\launches\m2conf9068406737541872427.tmp"/>
    <property name="sun.jnu.encoding" value="MS949"/>
    <property name="java.library.path" value="D:\java\jre1.8.0_73\bin;C:\Windows\Sun\Java\bin;C:\Windows\system32;C:\Windows;C:/Program Files/Java/jre1.8.0_77/bin/server;C:/Program Files/Java/jre1.8.0_77/bin;C:/Program Files/Java/jre1.8.0_77/lib/amd64;C:\ProgramData\Oracle\Java\javapath;D:\java\jdk1.8.0_73\bin;C:\Windows\System32;C:\Program Files (x86)\AMD\ATI.ACE\CoreStatic;D:\jiney\;D:\android\platform-tools;D:\java\apache-maven-3.3.9\bin;C:\Program Files\Bandizip\7z;C:\Users\Administrator\AppData\Roaming\npm;D:\eclipse;;."/>
    <property name="java.specification.name" value="Java Platform API Specification"/>
    <property name="java.class.version" value="52.0"/>
    <property name="sun.management.compiler" value="HotSpot 64-Bit Tiered Compilers"/>
    <property name="os.version" value="6.1"/>
    <property name="user.home" value="C:\Users\Administrator"/>
    <property name="user.timezone" value="Asia/Seoul"/>
    <property name="java.awt.printerjob" value="sun.awt.windows.WPrinterJob"/>
    <property name="java.specification.version" value="1.8"/>
    <property name="file.encoding" value="MS949"/>
    <property name="user.name" value="Naver"/>
    <property name="java.class.path" value="/D:/eclipse/plugins/org.eclipse.m2e.maven.runtime_1.6.2.20150902-0001/jars/plexus-classworlds-2.5.2.jar"/>
    <property name="java.vm.specification.version" value="1.8"/>
    <property name="sun.arch.data.model" value="64"/>
    <property name="java.home" value="D:\java\jre1.8.0_73"/>
    <property name="sun.java.command" value="org.codehaus.plexus.classworlds.launcher.Launcher -B test"/>
    <property name="java.specification.vendor" value="Oracle Corporation"/>
    <property name="user.language" value="ko"/>
    <property name="awt.toolkit" value="sun.awt.windows.WToolkit"/>
    <property name="java.vm.info" value="mixed mode"/>
    <property name="java.version" value="1.8.0_73"/>
    <property name="java.ext.dirs" value="D:\java\jre1.8.0_73\lib\ext;C:\Windows\Sun\Java\lib\ext"/>
    <property name="sun.boot.class.path" value="D:\java\jre1.8.0_73\lib\resources.jar;D:\java\jre1.8.0_73\lib\rt.jar;D:\java\jre1.8.0_73\lib\sunrsasign.jar;D:\java\jre1.8.0_73\lib\jsse.jar;D:\java\jre1.8.0_73\lib\jce.jar;D:\java\jre1.8.0_73\lib\charsets.jar;D:\java\jre1.8.0_73\lib\jfr.jar;D:\java\jre1.8.0_73\classes"/>
    <property name="java.vendor" value="Oracle Corporation"/>
    <property name="maven.home" value="C:\Users\Administrator\git\MapTest\MAP_PC_RegressionTest\EMBEDDED"/>
    <property name="file.separator" value="\"/>
    <property name="java.vendor.url.bug" value="http://bugreport.sun.com/bugreport/"/>
    <property name="sun.cpu.endian" value="little"/>
    <property name="sun.io.unicode.encoding" value="UnicodeLittle"/>
    <property name="sun.desktop" value="windows"/>
    <property name="sun.cpu.isalist" value="amd64"/>
  </properties>
  <testcase classname="example.TC01_indoor_map" name="beforeTest" time="7.74">
    <failure message="Error retrieving window with handle current (WARNING: The server did not provide any stacktrace information)
Command duration or timeout: 14 milliseconds
Build info: version: &apos;2.48.0&apos;, revision: &apos;b7b081a4f1289f17e8ecd38bc67e137c2a12e34a&apos;, time: &apos;2015-10-07 09:50:14&apos;
System info: host: &apos;WIN-4FMBHHT0AJI&apos;, ip: &apos;10.12.45.232&apos;, os.name: &apos;Windows 7&apos;, os.arch: &apos;amd64&apos;, os.version: &apos;6.1&apos;, java.version: &apos;1.8.0_73&apos;
Driver info: org.openqa.selenium.ie.InternetExplorerDriver
Capabilities [{browserAttachTimeout=0, enablePersistentHover=true, ie.forceCreateProcessApi=false, pageLoadStrategy=normal, ie.usePerProcessProxy=false, ignoreZoomSetting=false, handlesAlerts=true, version=10, platform=WINDOWS, nativeEvents=true, ie.ensureCleanSession=false, elementScrollBehavior=0, ie.browserCommandLineSwitches=, requireWindowFocus=false, browserName=internet explorer, initialBrowserUrl=http://localhost:16653/, takesScreenshot=true, javascriptEnabled=true, ignoreProtectedModeSettings=true, enableElementCacheCleanup=true, cssSelectorsEnabled=true, unexpectedAlertBehaviour=dismiss}]
Session ID: 54bdc7fc-be75-4cce-9055-191e88c7afc2" type="org.openqa.selenium.NoSuchWindowException">org.openqa.selenium.NoSuchWindowException: Error retrieving window with handle current (WARNING: The server did not provide any stacktrace information)
Command duration or timeout: 14 milliseconds
Build info: version: &apos;2.48.0&apos;, revision: &apos;b7b081a4f1289f17e8ecd38bc67e137c2a12e34a&apos;, time: &apos;2015-10-07 09:50:14&apos;
System info: host: &apos;WIN-4FMBHHT0AJI&apos;, ip: &apos;10.12.45.232&apos;, os.name: &apos;Windows 7&apos;, os.arch: &apos;amd64&apos;, os.version: &apos;6.1&apos;, java.version: &apos;1.8.0_73&apos;
Driver info: org.openqa.selenium.ie.InternetExplorerDriver
Capabilities [{browserAttachTimeout=0, enablePersistentHover=true, ie.forceCreateProcessApi=false, pageLoadStrategy=normal, ie.usePerProcessProxy=false, ignoreZoomSetting=false, handlesAlerts=true, version=10, platform=WINDOWS, nativeEvents=true, ie.ensureCleanSession=false, elementScrollBehavior=0, ie.browserCommandLineSwitches=, requireWindowFocus=false, browserName=internet explorer, initialBrowserUrl=http://localhost:16653/, takesScreenshot=true, javascriptEnabled=true, ignoreProtectedModeSettings=true, enableElementCacheCleanup=true, cssSelectorsEnabled=true, unexpectedAlertBehaviour=dismiss}]
Session ID: 54bdc7fc-be75-4cce-9055-191e88c7afc2
	at sun.reflect.NativeConstructorAccessorImpl.newInstance0(Native Method)
	at sun.reflect.NativeConstructorAccessorImpl.newInstance(Unknown Source)
	at sun.reflect.DelegatingConstructorAccessorImpl.newInstance(Unknown Source)
	at java.lang.reflect.Constructor.newInstance(Unknown Source)
	at org.openqa.selenium.remote.ErrorHandler.createThrowable(ErrorHandler.java:206)
	at org.openqa.selenium.remote.ErrorHandler.throwIfResponseFailed(ErrorHandler.java:158)
	at org.openqa.selenium.remote.RemoteWebDriver.execute(RemoteWebDriver.java:647)
	at org.openqa.selenium.remote.RemoteWebDriver$RemoteWebDriverOptions$RemoteWindow.maximize(RemoteWebDriver.java:907)
	at example.TC02_search_menu.beforeTest(TC02_search_menu.java:180)
	at sun.reflect.NativeMethodAccessorImpl.invoke0(Native Method)
	at sun.reflect.NativeMethodAccessorImpl.invoke(Unknown Source)
	at sun.reflect.DelegatingMethodAccessorImpl.invoke(Unknown Source)
	at java.lang.reflect.Method.invoke(Unknown Source)
	at org.testng.internal.MethodInvocationHelper.invokeMethod(MethodInvocationHelper.java:80)
	at org.testng.internal.Invoker.invokeConfigurationMethod(Invoker.java:564)
	at org.testng.internal.Invoker.invokeConfigurations(Invoker.java:213)
	at org.testng.internal.Invoker.invokeConfigurations(Invoker.java:138)
	at org.testng.TestRunner.beforeRun(TestRunner.java:641)
	at org.testng.TestRunner.run(TestRunner.java:609)
	at org.testng.SuiteRunner.runTest(SuiteRunner.java:334)
	at org.testng.SuiteRunner.runSequentially(SuiteRunner.java:329)
	at org.testng.SuiteRunner.privateRun(SuiteRunner.java:291)
	at org.testng.SuiteRunner.run(SuiteRunner.java:240)
	at org.testng.SuiteRunnerWorker.runSuite(SuiteRunnerWorker.java:52)
	at org.testng.SuiteRunnerWorker.run(SuiteRunnerWorker.java:86)
	at org.testng.TestNG.runSuitesSequentially(TestNG.java:1198)
	at org.testng.TestNG.runSuitesLocally(TestNG.java:1123)
	at org.testng.TestNG.run(TestNG.java:1031)
	at org.apache.maven.surefire.testng.TestNGExecutor.run(TestNGExecutor.java:177)
	at org.apache.maven.surefire.testng.TestNGXmlTestSuite.execute(TestNGXmlTestSuite.java:92)
	at org.apache.maven.surefire.testng.TestNGProvider.invoke(TestNGProvider.java:105)
	at sun.reflect.NativeMethodAccessorImpl.invoke0(Native Method)
	at sun.reflect.NativeMethodAccessorImpl.invoke(Unknown Source)
	at sun.reflect.DelegatingMethodAccessorImpl.invoke(Unknown Source)
	at java.lang.reflect.Method.invoke(Unknown Source)
	at org.apache.maven.surefire.util.ReflectionUtils.invokeMethodWithArray(ReflectionUtils.java:189)
	at org.apache.maven.surefire.booter.ProviderFactory$ProviderProxy.invoke(ProviderFactory.java:165)
	at org.apache.maven.surefire.booter.ProviderFactory.invokeProvider(ProviderFactory.java:85)
	at org.apache.maven.surefire.booter.ForkedBooter.runSuitesInProcess(ForkedBooter.java:103)
	at org.apache.maven.surefire.booter.ForkedBooter.main(ForkedBooter.java:74)
</failure>
    <system-out>IE 오픈 성공
</system-out>
    <system-err>Started InternetExplorerDriver server (64-bit)
2.48.0.0
Listening on port 30385
Started InternetExplorerDriver server (64-bit)
2.48.0.0
Listening on port 16653
</system-err>
  </testcase>
  <testcase classname="example.TC01_indoor_map" name="openBrower" time="7.743">
    <skipped/>
  </testcase>
  <testcase classname="example.TC01_indoor_map" name="openBrower" time="7.743">
    <skipped/>
  </testcase>
  <testcase classname="example.TC01_indoor_map" name="openBrower" time="7.743">
    <skipped/>
  </testcase>
  <testcase classname="example.TC01_indoor_map" name="openBrower" time="7.743">
    <skipped/>
  </testcase>
  <testcase classname="example.TC01_indoor_map" name="openBrower" time="7.743">
    <skipped/>
  </testcase>
  <testcase classname="example.TC01_indoor_map" name="tc001" time="0">
    <skipped/>
  </testcase>
  <testcase classname="example.TC02_search_menu" name="tc007" time="0">
    <skipped/>
  </testcase>
  <testcase classname="example.TC02_search_menu" name="tc008" time="0">
    <skipped/>
  </testcase>
  <testcase classname="example.TC03_route_menu" name="tc002" time="0">
    <skipped/>
  </testcase>
  <testcase classname="example.TC03_route_menu" name="tc003" time="0">
    <skipped/>
  </testcase>
  <testcase classname="example.TC03_route_menu" name="tc004" time="0">
    <skipped/>
  </testcase>
  <testcase classname="example.TC03_route_menu" name="tc005" time="0">
    <skipped/>
  </testcase>
  <testcase classname="example.TC03_route_menu" name="tc006" time="0">
    <skipped/>
  </testcase>
  <testcase classname="example.TC04_bus_menu" name="tc009" time="0">
    <skipped/>
  </testcase>
  <testcase classname="example.TC05_subway_menu" name="tc010" time="0">
    <skipped/>
  </testcase>
  <testcase classname="example.TC06_endPage_detail" name="tc011" time="0">
    <skipped/>
  </testcase>
  <testcase classname="example.TC07_endPage_CP_Link" name="tc012" time="0">
    <skipped/>
  </testcase>
  <testcase classname="example.TC07_endPage_CP_Link" name="tc013" time="0">
    <skipped/>
  </testcase>
  <testcase classname="example.TC07_endPage_CP_Link" name="tc014" time="0">
    <skipped/>
  </testcase>
  <testcase classname="example.TC01_indoor_map" name="afterTest" time="0">
    <skipped/>
  </testcase>
  <testcase classname="example.TC01_indoor_map" name="afterTest" time="0">
    <skipped/>
  </testcase>
  <testcase classname="example.TC01_indoor_map" name="afterTest" time="0">
    <skipped/>
  </testcase>
  <testcase classname="example.TC01_indoor_map" name="afterTest" time="0">
    <skipped/>
  </testcase>
  <testcase classname="example.TC01_indoor_map" name="afterTest" time="0">
    <skipped/>
  </testcase>
  <testcase classname="example.TC01_indoor_map" name="afterTest" time="0.001">
    <skipped/>
  </testcase>
  <testcase classname="example.TC01_indoor_map" name="afterTest" time="0.001">
    <skipped/>
  </testcase>
</testsuite>