<?xml version="1.0" encoding="UTF-8"?>
<testsuite name="TestSuite" time="3.792" tests="28" errors="0" skipped="27" failures="1">
  <properties>
    <property name="java.runtime.name" value="Java(TM) SE Runtime Environment"/>
    <property name="sun.boot.library.path" value="D:\java\jre1.8.0_73\bin"/>
    <property name="java.vm.version" value="25.73-b02"/>
    <property name="java.vm.vendor" value="Oracle Corporation"/>
    <property name="maven.multiModuleProjectDirectory" value="C:\Users\Administrator\git\MapTest\MAP_PC_RegressionTest"/>
    <property name="java.vendor.url" value="http://java.oracle.com/"/>
    <property name="path.separator" value=";"/>
    <property name="guice.disable.misplaced.annotation.check" value="true"/>
    <property name="java.vm.name" value="Java HotSpot(TM) 64-Bit Server VM"/>
    <property name="file.encoding.pkg" value="sun.io"/>
    <property name="user.script" value=""/>
    <property name="user.country" value="KR"/>
    <property name="sun.java.launcher" value="SUN_STANDARD"/>
    <property name="sun.os.patch.level" value="Service Pack 1"/>
    <property name="java.vm.specification.name" value="Java Virtual Machine Specification"/>
    <property name="user.dir" value="C:\Users\Administrator\git\MapTest\MAP_PC_RegressionTest"/>
    <property name="java.runtime.version" value="1.8.0_73-b02"/>
    <property name="java.awt.graphicsenv" value="sun.awt.Win32GraphicsEnvironment"/>
    <property name="java.endorsed.dirs" value="D:\java\jre1.8.0_73\lib\endorsed"/>
    <property name="os.arch" value="amd64"/>
    <property name="java.io.tmpdir" value="C:\Users\ADMINI~1\AppData\Local\Temp\"/>
    <property name="line.separator" value="&#10;"/>
    <property name="java.vm.specification.vendor" value="Oracle Corporation"/>
    <property name="user.variant" value=""/>
    <property name="os.name" value="Windows 7"/>
    <property name="classworlds.conf" value="C:\Users\Administrator\workspace\.metadata\.plugins\org.eclipse.m2e.launching\launches\m2conf8462964794864088822.tmp"/>
    <property name="sun.jnu.encoding" value="MS949"/>
    <property name="java.library.path" value="D:\java\jre1.8.0_73\bin;C:\Windows\Sun\Java\bin;C:\Windows\system32;C:\Windows;C:/Program Files/Java/jre1.8.0_77/bin/server;C:/Program Files/Java/jre1.8.0_77/bin;C:/Program Files/Java/jre1.8.0_77/lib/amd64;C:\ProgramData\Oracle\Java\javapath;D:\java\jdk1.8.0_73\bin;C:\Windows\System32;C:\Program Files (x86)\AMD\ATI.ACE\CoreStatic;D:\jiney\;D:\android\platform-tools;D:\java\apache-maven-3.3.9\bin;C:\Program Files\Bandizip\7z;C:\Users\Administrator\AppData\Roaming\npm;D:\eclipse;;."/>
    <property name="java.specification.name" value="Java Platform API Specification"/>
    <property name="java.class.version" value="52.0"/>
    <property name="sun.management.compiler" value="HotSpot 64-Bit Tiered Compilers"/>
    <property name="os.version" value="6.1"/>
    <property name="user.home" value="C:\Users\Administrator"/>
    <property name="user.timezone" value="Asia/Seoul"/>
    <property name="java.awt.printerjob" value="sun.awt.windows.WPrinterJob"/>
    <property name="java.specification.version" value="1.8"/>
    <property name="file.encoding" value="MS949"/>
    <property name="user.name" value="Naver"/>
    <property name="java.class.path" value="/D:/eclipse/plugins/org.eclipse.m2e.maven.runtime_1.6.2.20150902-0001/jars/plexus-classworlds-2.5.2.jar"/>
    <property name="java.vm.specification.version" value="1.8"/>
    <property name="sun.arch.data.model" value="64"/>
    <property name="java.home" value="D:\java\jre1.8.0_73"/>
    <property name="sun.java.command" value="org.codehaus.plexus.classworlds.launcher.Launcher -B test"/>
    <property name="java.specification.vendor" value="Oracle Corporation"/>
    <property name="user.language" value="ko"/>
    <property name="awt.toolkit" value="sun.awt.windows.WToolkit"/>
    <property name="java.vm.info" value="mixed mode"/>
    <property name="java.version" value="1.8.0_73"/>
    <property name="java.ext.dirs" value="D:\java\jre1.8.0_73\lib\ext;C:\Windows\Sun\Java\lib\ext"/>
    <property name="sun.boot.class.path" value="D:\java\jre1.8.0_73\lib\resources.jar;D:\java\jre1.8.0_73\lib\rt.jar;D:\java\jre1.8.0_73\lib\sunrsasign.jar;D:\java\jre1.8.0_73\lib\jsse.jar;D:\java\jre1.8.0_73\lib\jce.jar;D:\java\jre1.8.0_73\lib\charsets.jar;D:\java\jre1.8.0_73\lib\jfr.jar;D:\java\jre1.8.0_73\classes"/>
    <property name="java.vendor" value="Oracle Corporation"/>
    <property name="maven.home" value="C:\Users\Administrator\git\MapTest\MAP_PC_RegressionTest\EMBEDDED"/>
    <property name="file.separator" value="\"/>
    <property name="java.vendor.url.bug" value="http://bugreport.sun.com/bugreport/"/>
    <property name="sun.cpu.endian" value="little"/>
    <property name="sun.io.unicode.encoding" value="UnicodeLittle"/>
    <property name="sun.desktop" value="windows"/>
    <property name="sun.cpu.isalist" value="amd64"/>
  </properties>
  <testcase name="beforeTest" classname="example.TC01_indoor_map" time="3.792">
    <failure message="Error retrieving window with handle current (WARNING: The server did not provide any stacktrace information)&#10;Command duration or timeout: 13 milliseconds&#10;Build info: version: &apos;2.48.0&apos;, revision: &apos;b7b081a4f1289f17e8ecd38bc67e137c2a12e34a&apos;, time: &apos;2015-10-07 09:50:14&apos;&#10;System info: host: &apos;WIN-4FMBHHT0AJI&apos;, ip: &apos;10.12.45.232&apos;, os.name: &apos;Windows 7&apos;, os.arch: &apos;amd64&apos;, os.version: &apos;6.1&apos;, java.version: &apos;1.8.0_73&apos;&#10;Driver info: org.openqa.selenium.ie.InternetExplorerDriver&#10;Capabilities [{browserAttachTimeout=0, enablePersistentHover=true, ie.forceCreateProcessApi=false, pageLoadStrategy=normal, ie.usePerProcessProxy=false, ignoreZoomSetting=false, handlesAlerts=true, version=10, platform=WINDOWS, nativeEvents=true, ie.ensureCleanSession=false, elementScrollBehavior=0, ie.browserCommandLineSwitches=, requireWindowFocus=false, browserName=internet explorer, initialBrowserUrl=http://localhost:6747/, takesScreenshot=true, javascriptEnabled=true, ignoreProtectedModeSettings=true, enableElementCacheCleanup=true, cssSelectorsEnabled=true, unexpectedAlertBehaviour=dismiss}]&#10;Session ID: 4a4be513-ec63-4e9a-8dbf-22558e5e3431" type="org.openqa.selenium.NoSuchWindowException">org.openqa.selenium.NoSuchWindowException: Error retrieving window with handle current (WARNING: The server did not provide any stacktrace information)
Command duration or timeout: 13 milliseconds
Build info: version: '2.48.0', revision: 'b7b081a4f1289f17e8ecd38bc67e137c2a12e34a', time: '2015-10-07 09:50:14'
System info: host: 'WIN-4FMBHHT0AJI', ip: '10.12.45.232', os.name: 'Windows 7', os.arch: 'amd64', os.version: '6.1', java.version: '1.8.0_73'
Driver info: org.openqa.selenium.ie.InternetExplorerDriver
Capabilities [{browserAttachTimeout=0, enablePersistentHover=true, ie.forceCreateProcessApi=false, pageLoadStrategy=normal, ie.usePerProcessProxy=false, ignoreZoomSetting=false, handlesAlerts=true, version=10, platform=WINDOWS, nativeEvents=true, ie.ensureCleanSession=false, elementScrollBehavior=0, ie.browserCommandLineSwitches=, requireWindowFocus=false, browserName=internet explorer, initialBrowserUrl=http://localhost:6747/, takesScreenshot=true, javascriptEnabled=true, ignoreProtectedModeSettings=true, enableElementCacheCleanup=true, cssSelectorsEnabled=true, unexpectedAlertBehaviour=dismiss}]
Session ID: 4a4be513-ec63-4e9a-8dbf-22558e5e3431
	at sun.reflect.NativeConstructorAccessorImpl.newInstance0(Native Method)
	at sun.reflect.NativeConstructorAccessorImpl.newInstance(Unknown Source)
	at sun.reflect.DelegatingConstructorAccessorImpl.newInstance(Unknown Source)
	at java.lang.reflect.Constructor.newInstance(Unknown Source)
	at org.openqa.selenium.remote.ErrorHandler.createThrowable(ErrorHandler.java:206)
	at org.openqa.selenium.remote.ErrorHandler.throwIfResponseFailed(ErrorHandler.java:158)
	at org.openqa.selenium.remote.RemoteWebDriver.execute(RemoteWebDriver.java:647)
	at org.openqa.selenium.remote.RemoteWebDriver$RemoteWebDriverOptions$RemoteWindow.maximize(RemoteWebDriver.java:907)
	at example.TC01_indoor_map.beforeTest(TC01_indoor_map.java:36)
</failure>
    <system-err><![CDATA[Started InternetExplorerDriver server (64-bit)
2.48.0.0
Listening on port 6747
]]></system-err>
  </testcase>
  <testcase name="beforeTest" classname="example.TC01_indoor_map" time="0">
    <skipped/>
  </testcase>
  <testcase name="openBrower" classname="example.TC01_indoor_map" time="0">
    <skipped/>
  </testcase>
  <testcase name="openBrower" classname="example.TC01_indoor_map" time="0">
    <skipped/>
  </testcase>
  <testcase name="openBrower" classname="example.TC01_indoor_map" time="0">
    <skipped/>
  </testcase>
  <testcase name="openBrower" classname="example.TC01_indoor_map" time="0">
    <skipped/>
  </testcase>
  <testcase name="openBrower" classname="example.TC01_indoor_map" time="0">
    <skipped/>
  </testcase>
  <testcase name="tc001" classname="example.TC01_indoor_map" time="0">
    <skipped/>
  </testcase>
  <testcase name="tc007" classname="example.TC02_search_menu" time="0">
    <skipped/>
  </testcase>
  <testcase name="tc008" classname="example.TC02_search_menu" time="0">
    <skipped/>
  </testcase>
  <testcase name="tc002" classname="example.TC03_route_menu" time="0">
    <skipped/>
  </testcase>
  <testcase name="tc003" classname="example.TC03_route_menu" time="0">
    <skipped/>
  </testcase>
  <testcase name="tc004" classname="example.TC03_route_menu" time="0">
    <skipped/>
  </testcase>
  <testcase name="tc005" classname="example.TC03_route_menu" time="0">
    <skipped/>
  </testcase>
  <testcase name="tc006" classname="example.TC03_route_menu" time="0">
    <skipped/>
  </testcase>
  <testcase name="tc009" classname="example.TC04_bus_menu" time="0">
    <skipped/>
  </testcase>
  <testcase name="tc010" classname="example.TC05_subway_menu" time="0">
    <skipped/>
  </testcase>
  <testcase name="tc011" classname="example.TC06_endPage_detail" time="0">
    <skipped/>
  </testcase>
  <testcase name="tc012" classname="example.TC07_endPage_CP_Link" time="0">
    <skipped/>
  </testcase>
  <testcase name="tc013" classname="example.TC07_endPage_CP_Link" time="0">
    <skipped/>
  </testcase>
  <testcase name="tc014" classname="example.TC07_endPage_CP_Link" time="0">
    <skipped/>
  </testcase>
  <testcase name="afterTest" classname="example.TC01_indoor_map" time="0">
    <skipped/>
  </testcase>
  <testcase name="afterTest" classname="example.TC01_indoor_map" time="0">
    <skipped/>
  </testcase>
  <testcase name="afterTest" classname="example.TC01_indoor_map" time="0">
    <skipped/>
  </testcase>
  <testcase name="afterTest" classname="example.TC01_indoor_map" time="0">
    <skipped/>
  </testcase>
  <testcase name="afterTest" classname="example.TC01_indoor_map" time="0">
    <skipped/>
  </testcase>
  <testcase name="afterTest" classname="example.TC01_indoor_map" time="0">
    <skipped/>
  </testcase>
  <testcase name="afterTest" classname="example.TC01_indoor_map" time="0">
    <skipped/>
  </testcase>
</testsuite>